<?xml version="1.0" encoding="UTF-8"?>
<testsuite name="test_alta_capacitacion.TestCapacitacion-20221028153000" tests="1" file="test_alta_capacitacion.py" time="79.351" timestamp="2022-10-28T15:31:19" failures="0" errors="1" skipped="0">
	<testcase classname="test_alta_capacitacion.TestCapacitacion" name="test_alta_capacitacion" time="79.351" timestamp="2022-10-28T15:31:19" file="test_alta_capacitacion.py" line="49">
		<error type="TimeoutException" message="Message: 
Stacktrace:
#0 0x55f91f5ea2c3 &lt;unknown&gt;
#1 0x55f91f3f383a &lt;unknown&gt;
#2 0x55f91f42c985 &lt;unknown&gt;
#3 0x55f91f42cb61 &lt;unknown&gt;
#4 0x55f91f464d14 &lt;unknown&gt;
#5 0x55f91f44af6d &lt;unknown&gt;
#6 0x55f91f462a50 &lt;unknown&gt;
#7 0x55f91f44ad63 &lt;unknown&gt;
#8 0x55f91f41f7e3 &lt;unknown&gt;
#9 0x55f91f420a21 &lt;unknown&gt;
#10 0x55f91f63818e &lt;unknown&gt;
#11 0x55f91f63b622 &lt;unknown&gt;
#12 0x55f91f61eaae &lt;unknown&gt;
#13 0x55f91f63c2a3 &lt;unknown&gt;
#14 0x55f91f612ecf &lt;unknown&gt;
#15 0x55f91f65c588 &lt;unknown&gt;
#16 0x55f91f65c706 &lt;unknown&gt;
#17 0x55f91f6768b2 &lt;unknown&gt;
#18 0x7fe54dd0db43 &lt;unknown&gt;
"><![CDATA[Traceback (most recent call last):
  File "/home/exo/PycharmProjects/TyPAutomation/testcases_in_progress/test_alta_capacitacion.py", line 121, in test_alta_capacitacion
    self.complete_field(filtro_nombre_bo, nombrecapacitacion)
  File "/home/exo/PycharmProjects/TyPAutomation/commons_backoffice.py", line 89, in complete_field
    WebDriverWait(self.driver,timeout=5).until(
  File "/home/exo/PycharmProjects/TyPAutomation/venv/lib/python3.10/site-packages/selenium/webdriver/support/wait.py", line 90, in until
    raise TimeoutException(message, screen, stacktrace)
selenium.common.exceptions.TimeoutException: Message: 
Stacktrace:
#0 0x55f91f5ea2c3 <unknown>
#1 0x55f91f3f383a <unknown>
#2 0x55f91f42c985 <unknown>
#3 0x55f91f42cb61 <unknown>
#4 0x55f91f464d14 <unknown>
#5 0x55f91f44af6d <unknown>
#6 0x55f91f462a50 <unknown>
#7 0x55f91f44ad63 <unknown>
#8 0x55f91f41f7e3 <unknown>
#9 0x55f91f420a21 <unknown>
#10 0x55f91f63818e <unknown>
#11 0x55f91f63b622 <unknown>
#12 0x55f91f61eaae <unknown>
#13 0x55f91f63c2a3 <unknown>
#14 0x55f91f612ecf <unknown>
#15 0x55f91f65c588 <unknown>
#16 0x55f91f65c706 <unknown>
#17 0x55f91f6768b2 <unknown>
#18 0x7fe54dd0db43 <unknown>

]]></error>
	</testcase>
</testsuite>
