<?xml version="1.0" encoding="UTF-8"?>
<testsuite name="test_edicion_capacitacion.TestEdicionCapacitacion-20221103094242" tests="1" file="test_edicion_capacitacion.py" time="16.928" timestamp="2022-11-03T09:42:59" failures="0" errors="1" skipped="0">
	<testcase classname="test_edicion_capacitacion.TestEdicionCapacitacion" name="test_edicion_capacitacion" time="16.928" timestamp="2022-11-03T09:42:59" file="test_edicion_capacitacion.py" line="50">
		<error type="TimeoutException" message="Message: 
Stacktrace:
#0 0x55c69765e2c3 &lt;unknown&gt;
#1 0x55c69746783a &lt;unknown&gt;
#2 0x55c6974a0985 &lt;unknown&gt;
#3 0x55c6974a0b61 &lt;unknown&gt;
#4 0x55c6974d8d14 &lt;unknown&gt;
#5 0x55c6974bef6d &lt;unknown&gt;
#6 0x55c6974d6a50 &lt;unknown&gt;
#7 0x55c6974bed63 &lt;unknown&gt;
#8 0x55c6974937e3 &lt;unknown&gt;
#9 0x55c697494a21 &lt;unknown&gt;
#10 0x55c6976ac18e &lt;unknown&gt;
#11 0x55c6976af622 &lt;unknown&gt;
#12 0x55c697692aae &lt;unknown&gt;
#13 0x55c6976b02a3 &lt;unknown&gt;
#14 0x55c697686ecf &lt;unknown&gt;
#15 0x55c6976d0588 &lt;unknown&gt;
#16 0x55c6976d0706 &lt;unknown&gt;
#17 0x55c6976ea8b2 &lt;unknown&gt;
#18 0x7f998d4f5b43 &lt;unknown&gt;
"><![CDATA[Traceback (most recent call last):
  File "/home/exo/PycharmProjects/TyPAutomation/testcases_in_progress/test_edicion_capacitacion.py", line 52, in test_edicion_capacitacion
    self.go_to_menus(capacitaciones)
  File "/home/exo/PycharmProjects/TyPAutomation/commons_backoffice.py", line 59, in go_to_menus
    WebDriverWait(self.driver, timeout=5).until(
  File "/home/exo/PycharmProjects/TyPAutomation/venv/lib/python3.10/site-packages/selenium/webdriver/support/wait.py", line 90, in until
    raise TimeoutException(message, screen, stacktrace)
selenium.common.exceptions.TimeoutException: Message: 
Stacktrace:
#0 0x55c69765e2c3 <unknown>
#1 0x55c69746783a <unknown>
#2 0x55c6974a0985 <unknown>
#3 0x55c6974a0b61 <unknown>
#4 0x55c6974d8d14 <unknown>
#5 0x55c6974bef6d <unknown>
#6 0x55c6974d6a50 <unknown>
#7 0x55c6974bed63 <unknown>
#8 0x55c6974937e3 <unknown>
#9 0x55c697494a21 <unknown>
#10 0x55c6976ac18e <unknown>
#11 0x55c6976af622 <unknown>
#12 0x55c697692aae <unknown>
#13 0x55c6976b02a3 <unknown>
#14 0x55c697686ecf <unknown>
#15 0x55c6976d0588 <unknown>
#16 0x55c6976d0706 <unknown>
#17 0x55c6976ea8b2 <unknown>
#18 0x7f998d4f5b43 <unknown>

]]></error>
	</testcase>
</testsuite>
